The system is: Linux - 3.13.0-65-generic - x86_64
Compiling the C compiler identification source file "CMakeCCompilerId.c" succeeded.
Compiler: /usr/bin/cc 
Build flags: 
Id flags: 

The output was:
0


Compilation of the C compiler identification source "CMakeCCompilerId.c" produced "a.out"

The C compiler identification is GNU, found in "/home/ok1asw/st-vyvoj/supertux/CMakeFiles/2.8.12.2/CompilerIdC/a.out"

Compiling the CXX compiler identification source file "CMakeCXXCompilerId.cpp" succeeded.
Compiler: /usr/bin/c++ 
Build flags: 
Id flags: 

The output was:
0


Compilation of the CXX compiler identification source "CMakeCXXCompilerId.cpp" produced "a.out"

The CXX compiler identification is GNU, found in "/home/ok1asw/st-vyvoj/supertux/CMakeFiles/2.8.12.2/CompilerIdCXX/a.out"

Determining if the C compiler works passed with the following output:
Change Dir: /home/ok1asw/st-vyvoj/supertux/CMakeFiles/CMakeTmp

Run Build Command:/usr/bin/make "cmTryCompileExec537739718/fast"
/usr/bin/make -f CMakeFiles/cmTryCompileExec537739718.dir/build.make CMakeFiles/cmTryCompileExec537739718.dir/build
make[1]: Entering directory `/home/ok1asw/st-vyvoj/supertux/CMakeFiles/CMakeTmp'
/usr/bin/cmake -E cmake_progress_report /home/ok1asw/st-vyvoj/supertux/CMakeFiles/CMakeTmp/CMakeFiles 1
Building C object CMakeFiles/cmTryCompileExec537739718.dir/testCCompiler.c.o
/usr/bin/cc    -o CMakeFiles/cmTryCompileExec537739718.dir/testCCompiler.c.o   -c /home/ok1asw/st-vyvoj/supertux/CMakeFiles/CMakeTmp/testCCompiler.c
Linking C executable cmTryCompileExec537739718
/usr/bin/cmake -E cmake_link_script CMakeFiles/cmTryCompileExec537739718.dir/link.txt --verbose=1
/usr/bin/cc       CMakeFiles/cmTryCompileExec537739718.dir/testCCompiler.c.o  -o cmTryCompileExec537739718 -rdynamic 
make[1]: Leaving directory `/home/ok1asw/st-vyvoj/supertux/CMakeFiles/CMakeTmp'


Detecting C compiler ABI info compiled with the following output:
Change Dir: /home/ok1asw/st-vyvoj/supertux/CMakeFiles/CMakeTmp

Run Build Command:/usr/bin/make "cmTryCompileExec1670161809/fast"
/usr/bin/make -f CMakeFiles/cmTryCompileExec1670161809.dir/build.make CMakeFiles/cmTryCompileExec1670161809.dir/build
make[1]: Entering directory `/home/ok1asw/st-vyvoj/supertux/CMakeFiles/CMakeTmp'
/usr/bin/cmake -E cmake_progress_report /home/ok1asw/st-vyvoj/supertux/CMakeFiles/CMakeTmp/CMakeFiles 1
Building C object CMakeFiles/cmTryCompileExec1670161809.dir/CMakeCCompilerABI.c.o
/usr/bin/cc    -o CMakeFiles/cmTryCompileExec1670161809.dir/CMakeCCompilerABI.c.o   -c /usr/share/cmake-2.8/Modules/CMakeCCompilerABI.c
Linking C executable cmTryCompileExec1670161809
/usr/bin/cmake -E cmake_link_script CMakeFiles/cmTryCompileExec1670161809.dir/link.txt --verbose=1
/usr/bin/cc     -v CMakeFiles/cmTryCompileExec1670161809.dir/CMakeCCompilerABI.c.o  -o cmTryCompileExec1670161809 -rdynamic  
Using built-in specs.
COLLECT_GCC=/usr/bin/cc
COLLECT_LTO_WRAPPER=/usr/lib/gcc/x86_64-linux-gnu/4.8/lto-wrapper
Target: x86_64-linux-gnu
Configured with: ../src/configure -v --with-pkgversion='Ubuntu 4.8.4-2ubuntu1~14.04' --with-bugurl=file:///usr/share/doc/gcc-4.8/README.Bugs --enable-languages=c,c++,java,go,d,fortran,objc,obj-c++ --prefix=/usr --program-suffix=-4.8 --enable-shared --enable-linker-build-id --libexecdir=/usr/lib --without-included-gettext --enable-threads=posix --with-gxx-include-dir=/usr/include/c++/4.8 --libdir=/usr/lib --enable-nls --with-sysroot=/ --enable-clocale=gnu --enable-libstdcxx-debug --enable-libstdcxx-time=yes --enable-gnu-unique-object --disable-libmudflap --enable-plugin --with-system-zlib --disable-browser-plugin --enable-java-awt=gtk --enable-gtk-cairo --with-java-home=/usr/lib/jvm/java-1.5.0-gcj-4.8-amd64/jre --enable-java-home --with-jvm-root-dir=/usr/lib/jvm/java-1.5.0-gcj-4.8-amd64 --with-jvm-jar-dir=/usr/lib/jvm-exports/java-1.5.0-gcj-4.8-amd64 --with-arch-directory=amd64 --with-ecj-jar=/usr/share/java/eclipse-ecj.jar --enable-objc-gc --enable-multiarch --disable-werror --with-arch-32=i686 --with-abi=m64 --with-multilib-list=m32,m64,mx32 --with-tune=generic --enable-checking=release --build=x86_64-linux-gnu --host=x86_64-linux-gnu --target=x86_64-linux-gnu
Thread model: posix
gcc version 4.8.4 (Ubuntu 4.8.4-2ubuntu1~14.04) 
COMPILER_PATH=/usr/lib/gcc/x86_64-linux-gnu/4.8/:/usr/lib/gcc/x86_64-linux-gnu/4.8/:/usr/lib/gcc/x86_64-linux-gnu/:/usr/lib/gcc/x86_64-linux-gnu/4.8/:/usr/lib/gcc/x86_64-linux-gnu/
LIBRARY_PATH=/usr/lib/gcc/x86_64-linux-gnu/4.8/:/usr/lib/gcc/x86_64-linux-gnu/4.8/../../../x86_64-linux-gnu/:/usr/lib/gcc/x86_64-linux-gnu/4.8/../../../../lib/:/lib/x86_64-linux-gnu/:/lib/../lib/:/usr/lib/x86_64-linux-gnu/:/usr/lib/../lib/:/usr/lib/gcc/x86_64-linux-gnu/4.8/../../../:/lib/:/usr/lib/
COLLECT_GCC_OPTIONS='-v' '-o' 'cmTryCompileExec1670161809' '-rdynamic' '-mtune=generic' '-march=x86-64'
 /usr/lib/gcc/x86_64-linux-gnu/4.8/collect2 --sysroot=/ --build-id --eh-frame-hdr -m elf_x86_64 --hash-style=gnu --as-needed -export-dynamic -dynamic-linker /lib64/ld-linux-x86-64.so.2 -z relro -o cmTryCompileExec1670161809 /usr/lib/gcc/x86_64-linux-gnu/4.8/../../../x86_64-linux-gnu/crt1.o /usr/lib/gcc/x86_64-linux-gnu/4.8/../../../x86_64-linux-gnu/crti.o /usr/lib/gcc/x86_64-linux-gnu/4.8/crtbegin.o -L/usr/lib/gcc/x86_64-linux-gnu/4.8 -L/usr/lib/gcc/x86_64-linux-gnu/4.8/../../../x86_64-linux-gnu -L/usr/lib/gcc/x86_64-linux-gnu/4.8/../../../../lib -L/lib/x86_64-linux-gnu -L/lib/../lib -L/usr/lib/x86_64-linux-gnu -L/usr/lib/../lib -L/usr/lib/gcc/x86_64-linux-gnu/4.8/../../.. CMakeFiles/cmTryCompileExec1670161809.dir/CMakeCCompilerABI.c.o -lgcc --as-needed -lgcc_s --no-as-needed -lc -lgcc --as-needed -lgcc_s --no-as-needed /usr/lib/gcc/x86_64-linux-gnu/4.8/crtend.o /usr/lib/gcc/x86_64-linux-gnu/4.8/../../../x86_64-linux-gnu/crtn.o
make[1]: Leaving directory `/home/ok1asw/st-vyvoj/supertux/CMakeFiles/CMakeTmp'


Parsed C implicit link information from above output:
  link line regex: [^( *|.*[/\])(ld|([^/\]+-)?ld|collect2)[^/\]*( |$)]
  ignore line: [Change Dir: /home/ok1asw/st-vyvoj/supertux/CMakeFiles/CMakeTmp]
  ignore line: []
  ignore line: [Run Build Command:/usr/bin/make "cmTryCompileExec1670161809/fast"]
  ignore line: [/usr/bin/make -f CMakeFiles/cmTryCompileExec1670161809.dir/build.make CMakeFiles/cmTryCompileExec1670161809.dir/build]
  ignore line: [make[1]: Entering directory `/home/ok1asw/st-vyvoj/supertux/CMakeFiles/CMakeTmp']
  ignore line: [/usr/bin/cmake -E cmake_progress_report /home/ok1asw/st-vyvoj/supertux/CMakeFiles/CMakeTmp/CMakeFiles 1]
  ignore line: [Building C object CMakeFiles/cmTryCompileExec1670161809.dir/CMakeCCompilerABI.c.o]
  ignore line: [/usr/bin/cc    -o CMakeFiles/cmTryCompileExec1670161809.dir/CMakeCCompilerABI.c.o   -c /usr/share/cmake-2.8/Modules/CMakeCCompilerABI.c]
  ignore line: [Linking C executable cmTryCompileExec1670161809]
  ignore line: [/usr/bin/cmake -E cmake_link_script CMakeFiles/cmTryCompileExec1670161809.dir/link.txt --verbose=1]
  ignore line: [/usr/bin/cc     -v CMakeFiles/cmTryCompileExec1670161809.dir/CMakeCCompilerABI.c.o  -o cmTryCompileExec1670161809 -rdynamic  ]
  ignore line: [Using built-in specs.]
  ignore line: [COLLECT_GCC=/usr/bin/cc]
  ignore line: [COLLECT_LTO_WRAPPER=/usr/lib/gcc/x86_64-linux-gnu/4.8/lto-wrapper]
  ignore line: [Target: x86_64-linux-gnu]
  ignore line: [Configured with: ../src/configure -v --with-pkgversion='Ubuntu 4.8.4-2ubuntu1~14.04' --with-bugurl=file:///usr/share/doc/gcc-4.8/README.Bugs --enable-languages=c,c++,java,go,d,fortran,objc,obj-c++ --prefix=/usr --program-suffix=-4.8 --enable-shared --enable-linker-build-id --libexecdir=/usr/lib --without-included-gettext --enable-threads=posix --with-gxx-include-dir=/usr/include/c++/4.8 --libdir=/usr/lib --enable-nls --with-sysroot=/ --enable-clocale=gnu --enable-libstdcxx-debug --enable-libstdcxx-time=yes --enable-gnu-unique-object --disable-libmudflap --enable-plugin --with-system-zlib --disable-browser-plugin --enable-java-awt=gtk --enable-gtk-cairo --with-java-home=/usr/lib/jvm/java-1.5.0-gcj-4.8-amd64/jre --enable-java-home --with-jvm-root-dir=/usr/lib/jvm/java-1.5.0-gcj-4.8-amd64 --with-jvm-jar-dir=/usr/lib/jvm-exports/java-1.5.0-gcj-4.8-amd64 --with-arch-directory=amd64 --with-ecj-jar=/usr/share/java/eclipse-ecj.jar --enable-objc-gc --enable-multiarch --disable-werror --with-arch-32=i686 --with-abi=m64 --with-multilib-list=m32,m64,mx32 --with-tune=generic --enable-checking=release --build=x86_64-linux-gnu --host=x86_64-linux-gnu --target=x86_64-linux-gnu]
  ignore line: [Thread model: posix]
  ignore line: [gcc version 4.8.4 (Ubuntu 4.8.4-2ubuntu1~14.04) ]
  ignore line: [COMPILER_PATH=/usr/lib/gcc/x86_64-linux-gnu/4.8/:/usr/lib/gcc/x86_64-linux-gnu/4.8/:/usr/lib/gcc/x86_64-linux-gnu/:/usr/lib/gcc/x86_64-linux-gnu/4.8/:/usr/lib/gcc/x86_64-linux-gnu/]
  ignore line: [LIBRARY_PATH=/usr/lib/gcc/x86_64-linux-gnu/4.8/:/usr/lib/gcc/x86_64-linux-gnu/4.8/../../../x86_64-linux-gnu/:/usr/lib/gcc/x86_64-linux-gnu/4.8/../../../../lib/:/lib/x86_64-linux-gnu/:/lib/../lib/:/usr/lib/x86_64-linux-gnu/:/usr/lib/../lib/:/usr/lib/gcc/x86_64-linux-gnu/4.8/../../../:/lib/:/usr/lib/]
  ignore line: [COLLECT_GCC_OPTIONS='-v' '-o' 'cmTryCompileExec1670161809' '-rdynamic' '-mtune=generic' '-march=x86-64']
  link line: [ /usr/lib/gcc/x86_64-linux-gnu/4.8/collect2 --sysroot=/ --build-id --eh-frame-hdr -m elf_x86_64 --hash-style=gnu --as-needed -export-dynamic -dynamic-linker /lib64/ld-linux-x86-64.so.2 -z relro -o cmTryCompileExec1670161809 /usr/lib/gcc/x86_64-linux-gnu/4.8/../../../x86_64-linux-gnu/crt1.o /usr/lib/gcc/x86_64-linux-gnu/4.8/../../../x86_64-linux-gnu/crti.o /usr/lib/gcc/x86_64-linux-gnu/4.8/crtbegin.o -L/usr/lib/gcc/x86_64-linux-gnu/4.8 -L/usr/lib/gcc/x86_64-linux-gnu/4.8/../../../x86_64-linux-gnu -L/usr/lib/gcc/x86_64-linux-gnu/4.8/../../../../lib -L/lib/x86_64-linux-gnu -L/lib/../lib -L/usr/lib/x86_64-linux-gnu -L/usr/lib/../lib -L/usr/lib/gcc/x86_64-linux-gnu/4.8/../../.. CMakeFiles/cmTryCompileExec1670161809.dir/CMakeCCompilerABI.c.o -lgcc --as-needed -lgcc_s --no-as-needed -lc -lgcc --as-needed -lgcc_s --no-as-needed /usr/lib/gcc/x86_64-linux-gnu/4.8/crtend.o /usr/lib/gcc/x86_64-linux-gnu/4.8/../../../x86_64-linux-gnu/crtn.o]
    arg [/usr/lib/gcc/x86_64-linux-gnu/4.8/collect2] ==> ignore
    arg [--sysroot=/] ==> ignore
    arg [--build-id] ==> ignore
    arg [--eh-frame-hdr] ==> ignore
    arg [-m] ==> ignore
    arg [elf_x86_64] ==> ignore
    arg [--hash-style=gnu] ==> ignore
    arg [--as-needed] ==> ignore
    arg [-export-dynamic] ==> ignore
    arg [-dynamic-linker] ==> ignore
    arg [/lib64/ld-linux-x86-64.so.2] ==> ignore
    arg [-zrelro] ==> ignore
    arg [-o] ==> ignore
    arg [cmTryCompileExec1670161809] ==> ignore
    arg [/usr/lib/gcc/x86_64-linux-gnu/4.8/../../../x86_64-linux-gnu/crt1.o] ==> ignore
    arg [/usr/lib/gcc/x86_64-linux-gnu/4.8/../../../x86_64-linux-gnu/crti.o] ==> ignore
    arg [/usr/lib/gcc/x86_64-linux-gnu/4.8/crtbegin.o] ==> ignore
    arg [-L/usr/lib/gcc/x86_64-linux-gnu/4.8] ==> dir [/usr/lib/gcc/x86_64-linux-gnu/4.8]
    arg [-L/usr/lib/gcc/x86_64-linux-gnu/4.8/../../../x86_64-linux-gnu] ==> dir [/usr/lib/gcc/x86_64-linux-gnu/4.8/../../../x86_64-linux-gnu]
    arg [-L/usr/lib/gcc/x86_64-linux-gnu/4.8/../../../../lib] ==> dir [/usr/lib/gcc/x86_64-linux-gnu/4.8/../../../../lib]
    arg [-L/lib/x86_64-linux-gnu] ==> dir [/lib/x86_64-linux-gnu]
    arg [-L/lib/../lib] ==> dir [/lib/../lib]
    arg [-L/usr/lib/x86_64-linux-gnu] ==> dir [/usr/lib/x86_64-linux-gnu]
    arg [-L/usr/lib/../lib] ==> dir [/usr/lib/../lib]
    arg [-L/usr/lib/gcc/x86_64-linux-gnu/4.8/../../..] ==> dir [/usr/lib/gcc/x86_64-linux-gnu/4.8/../../..]
    arg [CMakeFiles/cmTryCompileExec1670161809.dir/CMakeCCompilerABI.c.o] ==> ignore
    arg [-lgcc] ==> lib [gcc]
    arg [--as-needed] ==> ignore
    arg [-lgcc_s] ==> lib [gcc_s]
    arg [--no-as-needed] ==> ignore
    arg [-lc] ==> lib [c]
    arg [-lgcc] ==> lib [gcc]
    arg [--as-needed] ==> ignore
    arg [-lgcc_s] ==> lib [gcc_s]
    arg [--no-as-needed] ==> ignore
    arg [/usr/lib/gcc/x86_64-linux-gnu/4.8/crtend.o] ==> ignore
    arg [/usr/lib/gcc/x86_64-linux-gnu/4.8/../../../x86_64-linux-gnu/crtn.o] ==> ignore
  remove lib [gcc]
  remove lib [gcc_s]
  remove lib [gcc]
  remove lib [gcc_s]
  collapse library dir [/usr/lib/gcc/x86_64-linux-gnu/4.8] ==> [/usr/lib/gcc/x86_64-linux-gnu/4.8]
  collapse library dir [/usr/lib/gcc/x86_64-linux-gnu/4.8/../../../x86_64-linux-gnu] ==> [/usr/lib/x86_64-linux-gnu]
  collapse library dir [/usr/lib/gcc/x86_64-linux-gnu/4.8/../../../../lib] ==> [/usr/lib]
  collapse library dir [/lib/x86_64-linux-gnu] ==> [/lib/x86_64-linux-gnu]
  collapse library dir [/lib/../lib] ==> [/lib]
  collapse library dir [/usr/lib/x86_64-linux-gnu] ==> [/usr/lib/x86_64-linux-gnu]
  collapse library dir [/usr/lib/../lib] ==> [/usr/lib]
  collapse library dir [/usr/lib/gcc/x86_64-linux-gnu/4.8/../../..] ==> [/usr/lib]
  implicit libs: [c]
  implicit dirs: [/usr/lib/gcc/x86_64-linux-gnu/4.8;/usr/lib/x86_64-linux-gnu;/usr/lib;/lib/x86_64-linux-gnu;/lib]
  implicit fwks: []


Determining if the CXX compiler works passed with the following output:
Change Dir: /home/ok1asw/st-vyvoj/supertux/CMakeFiles/CMakeTmp

Run Build Command:/usr/bin/make "cmTryCompileExec688073288/fast"
/usr/bin/make -f CMakeFiles/cmTryCompileExec688073288.dir/build.make CMakeFiles/cmTryCompileExec688073288.dir/build
make[1]: Entering directory `/home/ok1asw/st-vyvoj/supertux/CMakeFiles/CMakeTmp'
/usr/bin/cmake -E cmake_progress_report /home/ok1asw/st-vyvoj/supertux/CMakeFiles/CMakeTmp/CMakeFiles 1
Building CXX object CMakeFiles/cmTryCompileExec688073288.dir/testCXXCompiler.cxx.o
/usr/bin/c++     -o CMakeFiles/cmTryCompileExec688073288.dir/testCXXCompiler.cxx.o -c /home/ok1asw/st-vyvoj/supertux/CMakeFiles/CMakeTmp/testCXXCompiler.cxx
Linking CXX executable cmTryCompileExec688073288
/usr/bin/cmake -E cmake_link_script CMakeFiles/cmTryCompileExec688073288.dir/link.txt --verbose=1
/usr/bin/c++        CMakeFiles/cmTryCompileExec688073288.dir/testCXXCompiler.cxx.o  -o cmTryCompileExec688073288 -rdynamic 
make[1]: Leaving directory `/home/ok1asw/st-vyvoj/supertux/CMakeFiles/CMakeTmp'


Detecting CXX compiler ABI info compiled with the following output:
Change Dir: /home/ok1asw/st-vyvoj/supertux/CMakeFiles/CMakeTmp

Run Build Command:/usr/bin/make "cmTryCompileExec2173435671/fast"
/usr/bin/make -f CMakeFiles/cmTryCompileExec2173435671.dir/build.make CMakeFiles/cmTryCompileExec2173435671.dir/build
make[1]: Entering directory `/home/ok1asw/st-vyvoj/supertux/CMakeFiles/CMakeTmp'
/usr/bin/cmake -E cmake_progress_report /home/ok1asw/st-vyvoj/supertux/CMakeFiles/CMakeTmp/CMakeFiles 1
Building CXX object CMakeFiles/cmTryCompileExec2173435671.dir/CMakeCXXCompilerABI.cpp.o
/usr/bin/c++     -o CMakeFiles/cmTryCompileExec2173435671.dir/CMakeCXXCompilerABI.cpp.o -c /usr/share/cmake-2.8/Modules/CMakeCXXCompilerABI.cpp
Linking CXX executable cmTryCompileExec2173435671
/usr/bin/cmake -E cmake_link_script CMakeFiles/cmTryCompileExec2173435671.dir/link.txt --verbose=1
/usr/bin/c++      -v CMakeFiles/cmTryCompileExec2173435671.dir/CMakeCXXCompilerABI.cpp.o  -o cmTryCompileExec2173435671 -rdynamic  
Using built-in specs.
COLLECT_GCC=/usr/bin/c++
COLLECT_LTO_WRAPPER=/usr/lib/gcc/x86_64-linux-gnu/4.8/lto-wrapper
Target: x86_64-linux-gnu
Configured with: ../src/configure -v --with-pkgversion='Ubuntu 4.8.4-2ubuntu1~14.04' --with-bugurl=file:///usr/share/doc/gcc-4.8/README.Bugs --enable-languages=c,c++,java,go,d,fortran,objc,obj-c++ --prefix=/usr --program-suffix=-4.8 --enable-shared --enable-linker-build-id --libexecdir=/usr/lib --without-included-gettext --enable-threads=posix --with-gxx-include-dir=/usr/include/c++/4.8 --libdir=/usr/lib --enable-nls --with-sysroot=/ --enable-clocale=gnu --enable-libstdcxx-debug --enable-libstdcxx-time=yes --enable-gnu-unique-object --disable-libmudflap --enable-plugin --with-system-zlib --disable-browser-plugin --enable-java-awt=gtk --enable-gtk-cairo --with-java-home=/usr/lib/jvm/java-1.5.0-gcj-4.8-amd64/jre --enable-java-home --with-jvm-root-dir=/usr/lib/jvm/java-1.5.0-gcj-4.8-amd64 --with-jvm-jar-dir=/usr/lib/jvm-exports/java-1.5.0-gcj-4.8-amd64 --with-arch-directory=amd64 --with-ecj-jar=/usr/share/java/eclipse-ecj.jar --enable-objc-gc --enable-multiarch --disable-werror --with-arch-32=i686 --with-abi=m64 --with-multilib-list=m32,m64,mx32 --with-tune=generic --enable-checking=release --build=x86_64-linux-gnu --host=x86_64-linux-gnu --target=x86_64-linux-gnu
Thread model: posix
gcc version 4.8.4 (Ubuntu 4.8.4-2ubuntu1~14.04) 
COMPILER_PATH=/usr/lib/gcc/x86_64-linux-gnu/4.8/:/usr/lib/gcc/x86_64-linux-gnu/4.8/:/usr/lib/gcc/x86_64-linux-gnu/:/usr/lib/gcc/x86_64-linux-gnu/4.8/:/usr/lib/gcc/x86_64-linux-gnu/
LIBRARY_PATH=/usr/lib/gcc/x86_64-linux-gnu/4.8/:/usr/lib/gcc/x86_64-linux-gnu/4.8/../../../x86_64-linux-gnu/:/usr/lib/gcc/x86_64-linux-gnu/4.8/../../../../lib/:/lib/x86_64-linux-gnu/:/lib/../lib/:/usr/lib/x86_64-linux-gnu/:/usr/lib/../lib/:/usr/lib/gcc/x86_64-linux-gnu/4.8/../../../:/lib/:/usr/lib/
COLLECT_GCC_OPTIONS='-v' '-o' 'cmTryCompileExec2173435671' '-rdynamic' '-shared-libgcc' '-mtune=generic' '-march=x86-64'
 /usr/lib/gcc/x86_64-linux-gnu/4.8/collect2 --sysroot=/ --build-id --eh-frame-hdr -m elf_x86_64 --hash-style=gnu --as-needed -export-dynamic -dynamic-linker /lib64/ld-linux-x86-64.so.2 -z relro -o cmTryCompileExec2173435671 /usr/lib/gcc/x86_64-linux-gnu/4.8/../../../x86_64-linux-gnu/crt1.o /usr/lib/gcc/x86_64-linux-gnu/4.8/../../../x86_64-linux-gnu/crti.o /usr/lib/gcc/x86_64-linux-gnu/4.8/crtbegin.o -L/usr/lib/gcc/x86_64-linux-gnu/4.8 -L/usr/lib/gcc/x86_64-linux-gnu/4.8/../../../x86_64-linux-gnu -L/usr/lib/gcc/x86_64-linux-gnu/4.8/../../../../lib -L/lib/x86_64-linux-gnu -L/lib/../lib -L/usr/lib/x86_64-linux-gnu -L/usr/lib/../lib -L/usr/lib/gcc/x86_64-linux-gnu/4.8/../../.. CMakeFiles/cmTryCompileExec2173435671.dir/CMakeCXXCompilerABI.cpp.o -lstdc++ -lm -lgcc_s -lgcc -lc -lgcc_s -lgcc /usr/lib/gcc/x86_64-linux-gnu/4.8/crtend.o /usr/lib/gcc/x86_64-linux-gnu/4.8/../../../x86_64-linux-gnu/crtn.o
make[1]: Leaving directory `/home/ok1asw/st-vyvoj/supertux/CMakeFiles/CMakeTmp'


Parsed CXX implicit link information from above output:
  link line regex: [^( *|.*[/\])(ld|([^/\]+-)?ld|collect2)[^/\]*( |$)]
  ignore line: [Change Dir: /home/ok1asw/st-vyvoj/supertux/CMakeFiles/CMakeTmp]
  ignore line: []
  ignore line: [Run Build Command:/usr/bin/make "cmTryCompileExec2173435671/fast"]
  ignore line: [/usr/bin/make -f CMakeFiles/cmTryCompileExec2173435671.dir/build.make CMakeFiles/cmTryCompileExec2173435671.dir/build]
  ignore line: [make[1]: Entering directory `/home/ok1asw/st-vyvoj/supertux/CMakeFiles/CMakeTmp']
  ignore line: [/usr/bin/cmake -E cmake_progress_report /home/ok1asw/st-vyvoj/supertux/CMakeFiles/CMakeTmp/CMakeFiles 1]
  ignore line: [Building CXX object CMakeFiles/cmTryCompileExec2173435671.dir/CMakeCXXCompilerABI.cpp.o]
  ignore line: [/usr/bin/c++     -o CMakeFiles/cmTryCompileExec2173435671.dir/CMakeCXXCompilerABI.cpp.o -c /usr/share/cmake-2.8/Modules/CMakeCXXCompilerABI.cpp]
  ignore line: [Linking CXX executable cmTryCompileExec2173435671]
  ignore line: [/usr/bin/cmake -E cmake_link_script CMakeFiles/cmTryCompileExec2173435671.dir/link.txt --verbose=1]
  ignore line: [/usr/bin/c++      -v CMakeFiles/cmTryCompileExec2173435671.dir/CMakeCXXCompilerABI.cpp.o  -o cmTryCompileExec2173435671 -rdynamic  ]
  ignore line: [Using built-in specs.]
  ignore line: [COLLECT_GCC=/usr/bin/c++]
  ignore line: [COLLECT_LTO_WRAPPER=/usr/lib/gcc/x86_64-linux-gnu/4.8/lto-wrapper]
  ignore line: [Target: x86_64-linux-gnu]
  ignore line: [Configured with: ../src/configure -v --with-pkgversion='Ubuntu 4.8.4-2ubuntu1~14.04' --with-bugurl=file:///usr/share/doc/gcc-4.8/README.Bugs --enable-languages=c,c++,java,go,d,fortran,objc,obj-c++ --prefix=/usr --program-suffix=-4.8 --enable-shared --enable-linker-build-id --libexecdir=/usr/lib --without-included-gettext --enable-threads=posix --with-gxx-include-dir=/usr/include/c++/4.8 --libdir=/usr/lib --enable-nls --with-sysroot=/ --enable-clocale=gnu --enable-libstdcxx-debug --enable-libstdcxx-time=yes --enable-gnu-unique-object --disable-libmudflap --enable-plugin --with-system-zlib --disable-browser-plugin --enable-java-awt=gtk --enable-gtk-cairo --with-java-home=/usr/lib/jvm/java-1.5.0-gcj-4.8-amd64/jre --enable-java-home --with-jvm-root-dir=/usr/lib/jvm/java-1.5.0-gcj-4.8-amd64 --with-jvm-jar-dir=/usr/lib/jvm-exports/java-1.5.0-gcj-4.8-amd64 --with-arch-directory=amd64 --with-ecj-jar=/usr/share/java/eclipse-ecj.jar --enable-objc-gc --enable-multiarch --disable-werror --with-arch-32=i686 --with-abi=m64 --with-multilib-list=m32,m64,mx32 --with-tune=generic --enable-checking=release --build=x86_64-linux-gnu --host=x86_64-linux-gnu --target=x86_64-linux-gnu]
  ignore line: [Thread model: posix]
  ignore line: [gcc version 4.8.4 (Ubuntu 4.8.4-2ubuntu1~14.04) ]
  ignore line: [COMPILER_PATH=/usr/lib/gcc/x86_64-linux-gnu/4.8/:/usr/lib/gcc/x86_64-linux-gnu/4.8/:/usr/lib/gcc/x86_64-linux-gnu/:/usr/lib/gcc/x86_64-linux-gnu/4.8/:/usr/lib/gcc/x86_64-linux-gnu/]
  ignore line: [LIBRARY_PATH=/usr/lib/gcc/x86_64-linux-gnu/4.8/:/usr/lib/gcc/x86_64-linux-gnu/4.8/../../../x86_64-linux-gnu/:/usr/lib/gcc/x86_64-linux-gnu/4.8/../../../../lib/:/lib/x86_64-linux-gnu/:/lib/../lib/:/usr/lib/x86_64-linux-gnu/:/usr/lib/../lib/:/usr/lib/gcc/x86_64-linux-gnu/4.8/../../../:/lib/:/usr/lib/]
  ignore line: [COLLECT_GCC_OPTIONS='-v' '-o' 'cmTryCompileExec2173435671' '-rdynamic' '-shared-libgcc' '-mtune=generic' '-march=x86-64']
  link line: [ /usr/lib/gcc/x86_64-linux-gnu/4.8/collect2 --sysroot=/ --build-id --eh-frame-hdr -m elf_x86_64 --hash-style=gnu --as-needed -export-dynamic -dynamic-linker /lib64/ld-linux-x86-64.so.2 -z relro -o cmTryCompileExec2173435671 /usr/lib/gcc/x86_64-linux-gnu/4.8/../../../x86_64-linux-gnu/crt1.o /usr/lib/gcc/x86_64-linux-gnu/4.8/../../../x86_64-linux-gnu/crti.o /usr/lib/gcc/x86_64-linux-gnu/4.8/crtbegin.o -L/usr/lib/gcc/x86_64-linux-gnu/4.8 -L/usr/lib/gcc/x86_64-linux-gnu/4.8/../../../x86_64-linux-gnu -L/usr/lib/gcc/x86_64-linux-gnu/4.8/../../../../lib -L/lib/x86_64-linux-gnu -L/lib/../lib -L/usr/lib/x86_64-linux-gnu -L/usr/lib/../lib -L/usr/lib/gcc/x86_64-linux-gnu/4.8/../../.. CMakeFiles/cmTryCompileExec2173435671.dir/CMakeCXXCompilerABI.cpp.o -lstdc++ -lm -lgcc_s -lgcc -lc -lgcc_s -lgcc /usr/lib/gcc/x86_64-linux-gnu/4.8/crtend.o /usr/lib/gcc/x86_64-linux-gnu/4.8/../../../x86_64-linux-gnu/crtn.o]
    arg [/usr/lib/gcc/x86_64-linux-gnu/4.8/collect2] ==> ignore
    arg [--sysroot=/] ==> ignore
    arg [--build-id] ==> ignore
    arg [--eh-frame-hdr] ==> ignore
    arg [-m] ==> ignore
    arg [elf_x86_64] ==> ignore
    arg [--hash-style=gnu] ==> ignore
    arg [--as-needed] ==> ignore
    arg [-export-dynamic] ==> ignore
    arg [-dynamic-linker] ==> ignore
    arg [/lib64/ld-linux-x86-64.so.2] ==> ignore
    arg [-zrelro] ==> ignore
    arg [-o] ==> ignore
    arg [cmTryCompileExec2173435671] ==> ignore
    arg [/usr/lib/gcc/x86_64-linux-gnu/4.8/../../../x86_64-linux-gnu/crt1.o] ==> ignore
    arg [/usr/lib/gcc/x86_64-linux-gnu/4.8/../../../x86_64-linux-gnu/crti.o] ==> ignore
    arg [/usr/lib/gcc/x86_64-linux-gnu/4.8/crtbegin.o] ==> ignore
    arg [-L/usr/lib/gcc/x86_64-linux-gnu/4.8] ==> dir [/usr/lib/gcc/x86_64-linux-gnu/4.8]
    arg [-L/usr/lib/gcc/x86_64-linux-gnu/4.8/../../../x86_64-linux-gnu] ==> dir [/usr/lib/gcc/x86_64-linux-gnu/4.8/../../../x86_64-linux-gnu]
    arg [-L/usr/lib/gcc/x86_64-linux-gnu/4.8/../../../../lib] ==> dir [/usr/lib/gcc/x86_64-linux-gnu/4.8/../../../../lib]
    arg [-L/lib/x86_64-linux-gnu] ==> dir [/lib/x86_64-linux-gnu]
    arg [-L/lib/../lib] ==> dir [/lib/../lib]
    arg [-L/usr/lib/x86_64-linux-gnu] ==> dir [/usr/lib/x86_64-linux-gnu]
    arg [-L/usr/lib/../lib] ==> dir [/usr/lib/../lib]
    arg [-L/usr/lib/gcc/x86_64-linux-gnu/4.8/../../..] ==> dir [/usr/lib/gcc/x86_64-linux-gnu/4.8/../../..]
    arg [CMakeFiles/cmTryCompileExec2173435671.dir/CMakeCXXCompilerABI.cpp.o] ==> ignore
    arg [-lstdc++] ==> lib [stdc++]
    arg [-lm] ==> lib [m]
    arg [-lgcc_s] ==> lib [gcc_s]
    arg [-lgcc] ==> lib [gcc]
    arg [-lc] ==> lib [c]
    arg [-lgcc_s] ==> lib [gcc_s]
    arg [-lgcc] ==> lib [gcc]
    arg [/usr/lib/gcc/x86_64-linux-gnu/4.8/crtend.o] ==> ignore
    arg [/usr/lib/gcc/x86_64-linux-gnu/4.8/../../../x86_64-linux-gnu/crtn.o] ==> ignore
  remove lib [gcc_s]
  remove lib [gcc]
  remove lib [gcc_s]
  remove lib [gcc]
  collapse library dir [/usr/lib/gcc/x86_64-linux-gnu/4.8] ==> [/usr/lib/gcc/x86_64-linux-gnu/4.8]
  collapse library dir [/usr/lib/gcc/x86_64-linux-gnu/4.8/../../../x86_64-linux-gnu] ==> [/usr/lib/x86_64-linux-gnu]
  collapse library dir [/usr/lib/gcc/x86_64-linux-gnu/4.8/../../../../lib] ==> [/usr/lib]
  collapse library dir [/lib/x86_64-linux-gnu] ==> [/lib/x86_64-linux-gnu]
  collapse library dir [/lib/../lib] ==> [/lib]
  collapse library dir [/usr/lib/x86_64-linux-gnu] ==> [/usr/lib/x86_64-linux-gnu]
  collapse library dir [/usr/lib/../lib] ==> [/usr/lib]
  collapse library dir [/usr/lib/gcc/x86_64-linux-gnu/4.8/../../..] ==> [/usr/lib]
  implicit libs: [stdc++;m;c]
  implicit dirs: [/usr/lib/gcc/x86_64-linux-gnu/4.8;/usr/lib/x86_64-linux-gnu;/usr/lib;/lib/x86_64-linux-gnu;/lib]
  implicit fwks: []


Determining if the include file sys/types.h exists passed with the following output:
Change Dir: /home/ok1asw/st-vyvoj/supertux/CMakeFiles/CMakeTmp

Run Build Command:/usr/bin/make "cmTryCompileExec3592343269/fast"
/usr/bin/make -f CMakeFiles/cmTryCompileExec3592343269.dir/build.make CMakeFiles/cmTryCompileExec3592343269.dir/build
make[1]: Entering directory `/home/ok1asw/st-vyvoj/supertux/CMakeFiles/CMakeTmp'
/usr/bin/cmake -E cmake_progress_report /home/ok1asw/st-vyvoj/supertux/CMakeFiles/CMakeTmp/CMakeFiles 1
Building C object CMakeFiles/cmTryCompileExec3592343269.dir/CheckIncludeFile.c.o
/usr/bin/cc    -o CMakeFiles/cmTryCompileExec3592343269.dir/CheckIncludeFile.c.o   -c /home/ok1asw/st-vyvoj/supertux/CMakeFiles/CMakeTmp/CheckIncludeFile.c
Linking C executable cmTryCompileExec3592343269
/usr/bin/cmake -E cmake_link_script CMakeFiles/cmTryCompileExec3592343269.dir/link.txt --verbose=1
/usr/bin/cc       CMakeFiles/cmTryCompileExec3592343269.dir/CheckIncludeFile.c.o  -o cmTryCompileExec3592343269 -rdynamic 
make[1]: Leaving directory `/home/ok1asw/st-vyvoj/supertux/CMakeFiles/CMakeTmp'


Determining if the include file stdint.h exists passed with the following output:
Change Dir: /home/ok1asw/st-vyvoj/supertux/CMakeFiles/CMakeTmp

Run Build Command:/usr/bin/make "cmTryCompileExec1834674933/fast"
/usr/bin/make -f CMakeFiles/cmTryCompileExec1834674933.dir/build.make CMakeFiles/cmTryCompileExec1834674933.dir/build
make[1]: Entering directory `/home/ok1asw/st-vyvoj/supertux/CMakeFiles/CMakeTmp'
/usr/bin/cmake -E cmake_progress_report /home/ok1asw/st-vyvoj/supertux/CMakeFiles/CMakeTmp/CMakeFiles 1
Building C object CMakeFiles/cmTryCompileExec1834674933.dir/CheckIncludeFile.c.o
/usr/bin/cc    -o CMakeFiles/cmTryCompileExec1834674933.dir/CheckIncludeFile.c.o   -c /home/ok1asw/st-vyvoj/supertux/CMakeFiles/CMakeTmp/CheckIncludeFile.c
Linking C executable cmTryCompileExec1834674933
/usr/bin/cmake -E cmake_link_script CMakeFiles/cmTryCompileExec1834674933.dir/link.txt --verbose=1
/usr/bin/cc       CMakeFiles/cmTryCompileExec1834674933.dir/CheckIncludeFile.c.o  -o cmTryCompileExec1834674933 -rdynamic 
make[1]: Leaving directory `/home/ok1asw/st-vyvoj/supertux/CMakeFiles/CMakeTmp'


Determining if the include file stddef.h exists passed with the following output:
Change Dir: /home/ok1asw/st-vyvoj/supertux/CMakeFiles/CMakeTmp

Run Build Command:/usr/bin/make "cmTryCompileExec915312219/fast"
/usr/bin/make -f CMakeFiles/cmTryCompileExec915312219.dir/build.make CMakeFiles/cmTryCompileExec915312219.dir/build
make[1]: Entering directory `/home/ok1asw/st-vyvoj/supertux/CMakeFiles/CMakeTmp'
/usr/bin/cmake -E cmake_progress_report /home/ok1asw/st-vyvoj/supertux/CMakeFiles/CMakeTmp/CMakeFiles 1
Building C object CMakeFiles/cmTryCompileExec915312219.dir/CheckIncludeFile.c.o
/usr/bin/cc    -o CMakeFiles/cmTryCompileExec915312219.dir/CheckIncludeFile.c.o   -c /home/ok1asw/st-vyvoj/supertux/CMakeFiles/CMakeTmp/CheckIncludeFile.c
Linking C executable cmTryCompileExec915312219
/usr/bin/cmake -E cmake_link_script CMakeFiles/cmTryCompileExec915312219.dir/link.txt --verbose=1
/usr/bin/cc       CMakeFiles/cmTryCompileExec915312219.dir/CheckIncludeFile.c.o  -o cmTryCompileExec915312219 -rdynamic 
make[1]: Leaving directory `/home/ok1asw/st-vyvoj/supertux/CMakeFiles/CMakeTmp'


Determining size of unsigned short passed with the following output:
Change Dir: /home/ok1asw/st-vyvoj/supertux/CMakeFiles/CMakeTmp

Run Build Command:/usr/bin/make "cmTryCompileExec2598456926/fast"
/usr/bin/make -f CMakeFiles/cmTryCompileExec2598456926.dir/build.make CMakeFiles/cmTryCompileExec2598456926.dir/build
make[1]: Entering directory `/home/ok1asw/st-vyvoj/supertux/CMakeFiles/CMakeTmp'
/usr/bin/cmake -E cmake_progress_report /home/ok1asw/st-vyvoj/supertux/CMakeFiles/CMakeTmp/CMakeFiles 1
Building C object CMakeFiles/cmTryCompileExec2598456926.dir/CMAKE_SIZEOF_UNSIGNED_SHORT.c.o
/usr/bin/cc    -o CMakeFiles/cmTryCompileExec2598456926.dir/CMAKE_SIZEOF_UNSIGNED_SHORT.c.o   -c /home/ok1asw/st-vyvoj/supertux/CMakeFiles/CheckTypeSize/CMAKE_SIZEOF_UNSIGNED_SHORT.c
Linking C executable cmTryCompileExec2598456926
/usr/bin/cmake -E cmake_link_script CMakeFiles/cmTryCompileExec2598456926.dir/link.txt --verbose=1
/usr/bin/cc       CMakeFiles/cmTryCompileExec2598456926.dir/CMAKE_SIZEOF_UNSIGNED_SHORT.c.o  -o cmTryCompileExec2598456926 -rdynamic 
make[1]: Leaving directory `/home/ok1asw/st-vyvoj/supertux/CMakeFiles/CMakeTmp'


Determining if the function XOpenDisplay exists in the /usr/lib/x86_64-linux-gnu/libX11.so;/usr/lib/x86_64-linux-gnu/libXext.so passed with the following output:
Change Dir: /home/ok1asw/st-vyvoj/supertux/CMakeFiles/CMakeTmp

Run Build Command:/usr/bin/make "cmTryCompileExec3045390588/fast"
/usr/bin/make -f CMakeFiles/cmTryCompileExec3045390588.dir/build.make CMakeFiles/cmTryCompileExec3045390588.dir/build
make[1]: Entering directory `/home/ok1asw/st-vyvoj/supertux/CMakeFiles/CMakeTmp'
/usr/bin/cmake -E cmake_progress_report /home/ok1asw/st-vyvoj/supertux/CMakeFiles/CMakeTmp/CMakeFiles 1
Building C object CMakeFiles/cmTryCompileExec3045390588.dir/CheckFunctionExists.c.o
/usr/bin/cc   -DCHECK_FUNCTION_EXISTS=XOpenDisplay   -o CMakeFiles/cmTryCompileExec3045390588.dir/CheckFunctionExists.c.o   -c /usr/share/cmake-2.8/Modules/CheckFunctionExists.c
Linking C executable cmTryCompileExec3045390588
/usr/bin/cmake -E cmake_link_script CMakeFiles/cmTryCompileExec3045390588.dir/link.txt --verbose=1
/usr/bin/cc   -DCHECK_FUNCTION_EXISTS=XOpenDisplay    CMakeFiles/cmTryCompileExec3045390588.dir/CheckFunctionExists.c.o  -o cmTryCompileExec3045390588 -rdynamic -lX11 -lXext 
make[1]: Leaving directory `/home/ok1asw/st-vyvoj/supertux/CMakeFiles/CMakeTmp'


Determining if the function gethostbyname exists passed with the following output:
Change Dir: /home/ok1asw/st-vyvoj/supertux/CMakeFiles/CMakeTmp

Run Build Command:/usr/bin/make "cmTryCompileExec179382860/fast"
/usr/bin/make -f CMakeFiles/cmTryCompileExec179382860.dir/build.make CMakeFiles/cmTryCompileExec179382860.dir/build
make[1]: Entering directory `/home/ok1asw/st-vyvoj/supertux/CMakeFiles/CMakeTmp'
/usr/bin/cmake -E cmake_progress_report /home/ok1asw/st-vyvoj/supertux/CMakeFiles/CMakeTmp/CMakeFiles 1
Building C object CMakeFiles/cmTryCompileExec179382860.dir/CheckFunctionExists.c.o
/usr/bin/cc   -DCHECK_FUNCTION_EXISTS=gethostbyname   -o CMakeFiles/cmTryCompileExec179382860.dir/CheckFunctionExists.c.o   -c /usr/share/cmake-2.8/Modules/CheckFunctionExists.c
Linking C executable cmTryCompileExec179382860
/usr/bin/cmake -E cmake_link_script CMakeFiles/cmTryCompileExec179382860.dir/link.txt --verbose=1
/usr/bin/cc   -DCHECK_FUNCTION_EXISTS=gethostbyname    CMakeFiles/cmTryCompileExec179382860.dir/CheckFunctionExists.c.o  -o cmTryCompileExec179382860 -rdynamic 
make[1]: Leaving directory `/home/ok1asw/st-vyvoj/supertux/CMakeFiles/CMakeTmp'


Determining if the function connect exists passed with the following output:
Change Dir: /home/ok1asw/st-vyvoj/supertux/CMakeFiles/CMakeTmp

Run Build Command:/usr/bin/make "cmTryCompileExec3735018239/fast"
/usr/bin/make -f CMakeFiles/cmTryCompileExec3735018239.dir/build.make CMakeFiles/cmTryCompileExec3735018239.dir/build
make[1]: Entering directory `/home/ok1asw/st-vyvoj/supertux/CMakeFiles/CMakeTmp'
/usr/bin/cmake -E cmake_progress_report /home/ok1asw/st-vyvoj/supertux/CMakeFiles/CMakeTmp/CMakeFiles 1
Building C object CMakeFiles/cmTryCompileExec3735018239.dir/CheckFunctionExists.c.o
/usr/bin/cc   -DCHECK_FUNCTION_EXISTS=connect   -o CMakeFiles/cmTryCompileExec3735018239.dir/CheckFunctionExists.c.o   -c /usr/share/cmake-2.8/Modules/CheckFunctionExists.c
Linking C executable cmTryCompileExec3735018239
/usr/bin/cmake -E cmake_link_script CMakeFiles/cmTryCompileExec3735018239.dir/link.txt --verbose=1
/usr/bin/cc   -DCHECK_FUNCTION_EXISTS=connect    CMakeFiles/cmTryCompileExec3735018239.dir/CheckFunctionExists.c.o  -o cmTryCompileExec3735018239 -rdynamic 
make[1]: Leaving directory `/home/ok1asw/st-vyvoj/supertux/CMakeFiles/CMakeTmp'


Determining if the function remove exists passed with the following output:
Change Dir: /home/ok1asw/st-vyvoj/supertux/CMakeFiles/CMakeTmp

Run Build Command:/usr/bin/make "cmTryCompileExec4024305828/fast"
/usr/bin/make -f CMakeFiles/cmTryCompileExec4024305828.dir/build.make CMakeFiles/cmTryCompileExec4024305828.dir/build
make[1]: Entering directory `/home/ok1asw/st-vyvoj/supertux/CMakeFiles/CMakeTmp'
/usr/bin/cmake -E cmake_progress_report /home/ok1asw/st-vyvoj/supertux/CMakeFiles/CMakeTmp/CMakeFiles 1
Building C object CMakeFiles/cmTryCompileExec4024305828.dir/CheckFunctionExists.c.o
/usr/bin/cc   -DCHECK_FUNCTION_EXISTS=remove   -o CMakeFiles/cmTryCompileExec4024305828.dir/CheckFunctionExists.c.o   -c /usr/share/cmake-2.8/Modules/CheckFunctionExists.c
Linking C executable cmTryCompileExec4024305828
/usr/bin/cmake -E cmake_link_script CMakeFiles/cmTryCompileExec4024305828.dir/link.txt --verbose=1
/usr/bin/cc   -DCHECK_FUNCTION_EXISTS=remove    CMakeFiles/cmTryCompileExec4024305828.dir/CheckFunctionExists.c.o  -o cmTryCompileExec4024305828 -rdynamic 
make[1]: Leaving directory `/home/ok1asw/st-vyvoj/supertux/CMakeFiles/CMakeTmp'


Determining if the function shmat exists passed with the following output:
Change Dir: /home/ok1asw/st-vyvoj/supertux/CMakeFiles/CMakeTmp

Run Build Command:/usr/bin/make "cmTryCompileExec1464390861/fast"
/usr/bin/make -f CMakeFiles/cmTryCompileExec1464390861.dir/build.make CMakeFiles/cmTryCompileExec1464390861.dir/build
make[1]: Entering directory `/home/ok1asw/st-vyvoj/supertux/CMakeFiles/CMakeTmp'
/usr/bin/cmake -E cmake_progress_report /home/ok1asw/st-vyvoj/supertux/CMakeFiles/CMakeTmp/CMakeFiles 1
Building C object CMakeFiles/cmTryCompileExec1464390861.dir/CheckFunctionExists.c.o
/usr/bin/cc   -DCHECK_FUNCTION_EXISTS=shmat   -o CMakeFiles/cmTryCompileExec1464390861.dir/CheckFunctionExists.c.o   -c /usr/share/cmake-2.8/Modules/CheckFunctionExists.c
Linking C executable cmTryCompileExec1464390861
/usr/bin/cmake -E cmake_link_script CMakeFiles/cmTryCompileExec1464390861.dir/link.txt --verbose=1
/usr/bin/cc   -DCHECK_FUNCTION_EXISTS=shmat    CMakeFiles/cmTryCompileExec1464390861.dir/CheckFunctionExists.c.o  -o cmTryCompileExec1464390861 -rdynamic 
make[1]: Leaving directory `/home/ok1asw/st-vyvoj/supertux/CMakeFiles/CMakeTmp'


Determining if the function IceConnectionNumber exists in the ICE passed with the following output:
Change Dir: /home/ok1asw/st-vyvoj/supertux/CMakeFiles/CMakeTmp

Run Build Command:/usr/bin/make "cmTryCompileExec566722671/fast"
/usr/bin/make -f CMakeFiles/cmTryCompileExec566722671.dir/build.make CMakeFiles/cmTryCompileExec566722671.dir/build
make[1]: Entering directory `/home/ok1asw/st-vyvoj/supertux/CMakeFiles/CMakeTmp'
/usr/bin/cmake -E cmake_progress_report /home/ok1asw/st-vyvoj/supertux/CMakeFiles/CMakeTmp/CMakeFiles 1
Building C object CMakeFiles/cmTryCompileExec566722671.dir/CheckFunctionExists.c.o
/usr/bin/cc   -DCHECK_FUNCTION_EXISTS=IceConnectionNumber   -o CMakeFiles/cmTryCompileExec566722671.dir/CheckFunctionExists.c.o   -c /usr/share/cmake-2.8/Modules/CheckFunctionExists.c
Linking C executable cmTryCompileExec566722671
/usr/bin/cmake -E cmake_link_script CMakeFiles/cmTryCompileExec566722671.dir/link.txt --verbose=1
/usr/bin/cc   -DCHECK_FUNCTION_EXISTS=IceConnectionNumber    CMakeFiles/cmTryCompileExec566722671.dir/CheckFunctionExists.c.o  -o cmTryCompileExec566722671 -rdynamic -lICE 
make[1]: Leaving directory `/home/ok1asw/st-vyvoj/supertux/CMakeFiles/CMakeTmp'


Determining if the function vorbis_bitrate_addblock exists in the vorbis passed with the following output:
Change Dir: /home/ok1asw/st-vyvoj/supertux/CMakeFiles/CMakeTmp

Run Build Command:/usr/bin/make "cmTryCompileExec722030332/fast"
/usr/bin/make -f CMakeFiles/cmTryCompileExec722030332.dir/build.make CMakeFiles/cmTryCompileExec722030332.dir/build
make[1]: Entering directory `/home/ok1asw/st-vyvoj/supertux/CMakeFiles/CMakeTmp'
/usr/bin/cmake -E cmake_progress_report /home/ok1asw/st-vyvoj/supertux/CMakeFiles/CMakeTmp/CMakeFiles 1
Building C object CMakeFiles/cmTryCompileExec722030332.dir/CheckFunctionExists.c.o
/usr/bin/cc   -DCHECK_FUNCTION_EXISTS=vorbis_bitrate_addblock   -o CMakeFiles/cmTryCompileExec722030332.dir/CheckFunctionExists.c.o   -c /usr/share/cmake-2.8/Modules/CheckFunctionExists.c
Linking C executable cmTryCompileExec722030332
/usr/bin/cmake -E cmake_link_script CMakeFiles/cmTryCompileExec722030332.dir/link.txt --verbose=1
/usr/bin/cc   -DCHECK_FUNCTION_EXISTS=vorbis_bitrate_addblock    CMakeFiles/cmTryCompileExec722030332.dir/CheckFunctionExists.c.o  -o cmTryCompileExec722030332 -rdynamic -lvorbis -lvorbisfile -lvorbis -logg 
make[1]: Leaving directory `/home/ok1asw/st-vyvoj/supertux/CMakeFiles/CMakeTmp'


Determining size of void* passed with the following output:
Change Dir: /home/ok1asw/st-vyvoj/supertux/CMakeFiles/CMakeTmp

Run Build Command:/usr/bin/make "cmTryCompileExec424079731/fast"
/usr/bin/make -f CMakeFiles/cmTryCompileExec424079731.dir/build.make CMakeFiles/cmTryCompileExec424079731.dir/build
make[1]: Entering directory `/home/ok1asw/st-vyvoj/supertux/CMakeFiles/CMakeTmp'
/usr/bin/cmake -E cmake_progress_report /home/ok1asw/st-vyvoj/supertux/CMakeFiles/CMakeTmp/CMakeFiles 1
Building C object CMakeFiles/cmTryCompileExec424079731.dir/SIZEOF_VOID_P.c.o
/usr/bin/cc    -o CMakeFiles/cmTryCompileExec424079731.dir/SIZEOF_VOID_P.c.o   -c /home/ok1asw/st-vyvoj/supertux/CMakeFiles/CheckTypeSize/SIZEOF_VOID_P.c
Linking C executable cmTryCompileExec424079731
/usr/bin/cmake -E cmake_link_script CMakeFiles/cmTryCompileExec424079731.dir/link.txt --verbose=1
/usr/bin/cc       CMakeFiles/cmTryCompileExec424079731.dir/SIZEOF_VOID_P.c.o  -o cmTryCompileExec424079731 -rdynamic 
make[1]: Leaving directory `/home/ok1asw/st-vyvoj/supertux/CMakeFiles/CMakeTmp'


Determining if the function iconv exists passed with the following output:
Change Dir: /home/ok1asw/st-vyvoj/supertux/CMakeFiles/CMakeTmp

Run Build Command:/usr/bin/make "cmTryCompileExec332990245/fast"
/usr/bin/make -f CMakeFiles/cmTryCompileExec332990245.dir/build.make CMakeFiles/cmTryCompileExec332990245.dir/build
make[1]: Entering directory `/home/ok1asw/st-vyvoj/supertux/CMakeFiles/CMakeTmp'
/usr/bin/cmake -E cmake_progress_report /home/ok1asw/st-vyvoj/supertux/CMakeFiles/CMakeTmp/CMakeFiles 1
Building C object CMakeFiles/cmTryCompileExec332990245.dir/CheckFunctionExists.c.o
/usr/bin/cc   -DCHECK_FUNCTION_EXISTS=iconv   -o CMakeFiles/cmTryCompileExec332990245.dir/CheckFunctionExists.c.o   -c /usr/share/cmake-2.8/Modules/CheckFunctionExists.c
Linking C executable cmTryCompileExec332990245
/usr/bin/cmake -E cmake_link_script CMakeFiles/cmTryCompileExec332990245.dir/link.txt --verbose=1
/usr/bin/cc   -DCHECK_FUNCTION_EXISTS=iconv    CMakeFiles/cmTryCompileExec332990245.dir/CheckFunctionExists.c.o  -o cmTryCompileExec332990245 -rdynamic 
make[1]: Leaving directory `/home/ok1asw/st-vyvoj/supertux/CMakeFiles/CMakeTmp'


Performing C++ SOURCE FILE Test COMPILER_SUPPORTS_CXX11 succeded with the following output:
Change Dir: /home/ok1asw/st-vyvoj/supertux/CMakeFiles/CMakeTmp

Run Build Command:/usr/bin/make "cmTryCompileExec1708668036/fast"
/usr/bin/make -f CMakeFiles/cmTryCompileExec1708668036.dir/build.make CMakeFiles/cmTryCompileExec1708668036.dir/build
make[1]: Entering directory `/home/ok1asw/st-vyvoj/supertux/CMakeFiles/CMakeTmp'
/usr/bin/cmake -E cmake_progress_report /home/ok1asw/st-vyvoj/supertux/CMakeFiles/CMakeTmp/CMakeFiles 1
Building CXX object CMakeFiles/cmTryCompileExec1708668036.dir/src.cxx.o
/usr/bin/c++    -DCOMPILER_SUPPORTS_CXX11   -std=c++11 -o CMakeFiles/cmTryCompileExec1708668036.dir/src.cxx.o -c /home/ok1asw/st-vyvoj/supertux/CMakeFiles/CMakeTmp/src.cxx
Linking CXX executable cmTryCompileExec1708668036
/usr/bin/cmake -E cmake_link_script CMakeFiles/cmTryCompileExec1708668036.dir/link.txt --verbose=1
/usr/bin/c++    -DCOMPILER_SUPPORTS_CXX11    CMakeFiles/cmTryCompileExec1708668036.dir/src.cxx.o  -o cmTryCompileExec1708668036 -rdynamic 
make[1]: Leaving directory `/home/ok1asw/st-vyvoj/supertux/CMakeFiles/CMakeTmp'

Source file was:
int main() { return 0;}
